<?xml version="1.0" encoding="UTF-8"?>
<testsuite xmlns:xsi="http://www.w3.org/2001/XMLSchema-instance" xsi:noNamespaceSchemaLocation="https://maven.apache.org/surefire/maven-surefire-plugin/xsd/surefire-test-report-3.0.xsd" version="3.0" name="com.example.demo.Demo5ApplicationTests" time="4.119" tests="1" errors="0" skipped="0" failures="0">
  <properties>
[...]
</properties>
  <testcase name="contextLoads" classname="com.example.demo.Demo5ApplicationTests" time="1.145">
    <system-out><![CDATA[15:27:22.407 [main] INFO org.springframework.test.context.support.AnnotationConfigContextLoaderUtils -- Could not detect default configuration classes for test class [com.example.demo.Demo5ApplicationTests]: Demo5ApplicationTests does not declare any static, non-private, non-final, nested classes annotated with @Configuration.
15:27:22.548 [main] INFO org.springframework.boot.test.context.SpringBootTestContextBootstrapper -- Found @SpringBootConfiguration com.example.demo.Demo5Application for test class com.example.demo.Demo5ApplicationTests

  .   ____          _            __ _ _
 /\\ / ___'_ __ _ _(_)_ __  __ _ \ \ \ \
( ( )\___ | '_ | '_| | '_ \/ _` | \ \ \ \
 \\/  ___)| |_)| | | | | || (_| |  ) ) ) )
  '  |____| .__|_| |_|_| |_\__, | / / / /
 =========|_|==============|___/=/_/_/_/
 :: Spring Boot ::                (v3.1.1)

2023-07-23T15:27:23.202-07:00  INFO 7448 --- [           main] com.example.demo.Demo5ApplicationTests   : Starting Demo5ApplicationTests using Java 17.0.7 with PID 7448 (started by Andrew in C:\Users\Andrew\IdeaProjects\demo5)
2023-07-23T15:27:23.209-07:00  INFO 7448 --- [           main] com.example.demo.Demo5ApplicationTests   : No active profile set, falling back to 1 default profile: "default"
2023-07-23T15:27:25.121-07:00  INFO 7448 --- [           main] com.example.demo.Demo5ApplicationTests   : Started Demo5ApplicationTests in 2.297 seconds (process running for 3.87)
]]></system-out>
  </testcase>
</testsuite>